<?xml version="1.0" encoding="UTF-8"?>
<!-- Generated by org.testng.reporters.JUnitReportReporter -->
<testsuite hostname="mindglow" name="Ace_POM_Tests.LoginTest" tests="1" failures="0" timestamp="17 Jan 2013 01:11:25 GMT" time="11.592" errors="0">
  <testcase name="test" time="11.592" classname="Ace_POM_Tests.LoginTest"/>
</testsuite> <!-- Ace_POM_Tests.LoginTest -->
