<?xml version="1.0" encoding="UTF-8"?>
<!-- Generated by org.testng.reporters.JUnitReportReporter -->
<testsuite hostname="mindglow" name="Ace_POM_Tests.SignUpTest" tests="1" failures="0" timestamp="16 Jan 2013 00:54:10 GMT" time="10.048" errors="0">
  <testcase name="test" time="10.048" classname="Ace_POM_Tests.SignUpTest"/>
</testsuite> <!-- Ace_POM_Tests.SignUpTest -->
