<?xml version="1.0" encoding="UTF-8"?>
<!-- Generated by org.testng.reporters.JUnitReportReporter -->
<testsuite hostname="mindglow" name="non_POM_tests.HomePageTest" tests="1" failures="0" timestamp="16 Jan 2013 00:50:33 GMT" time="6.149" errors="0">
  <testcase name="homeTest" time="6.149" classname="non_POM_tests.HomePageTest"/>
</testsuite> <!-- non_POM_tests.HomePageTest -->
