<?xml version="1.0" encoding="UTF-8"?>
<!-- Generated by org.testng.reporters.JUnitReportReporter -->
<testsuite hostname="mindglow" name="org.acetrax.smoketests.HomePageTest" tests="1" failures="0" timestamp="15 Jan 2013 22:39:52 GMT" time="6.477" errors="0">
  <testcase name="homeTest" time="6.477" classname="org.acetrax.smoketests.HomePageTest"/>
</testsuite> <!-- org.acetrax.smoketests.HomePageTest -->
